<?xml version="1.0" encoding="UTF-8"?>
<!-- Generated by org.testng.reporters.JUnitReportReporter -->
<testsuite hostname="DESKTOP-4VBBEJ4" failures="0" tests="1" name="org.runner.TestRunnerClass" time="5.912" errors="0" timestamp="14 Aug 2023 06:05:59 GMT" skipped="0">
  <testcase classname="org.runner.TestRunnerClass" name="runScenario" time="5.912"/>
</testsuite> <!-- org.runner.TestRunnerClass -->
